app/build/intermediates/manifest_merge_blame_file/debug/manifest-merger-blame-debug-report.txt
1<?xml version="1.0" encoding="utf-8"?>
2<manifest xmlns:android="http://schemas.android.com/apk/res/android"
3    package="com.pemesanan.TiketKapal"
4    android:versionCode="1"
5    android:versionName="1.0" >
6
7    <uses-sdk
8        android:minSdkVersion="21"
8-->src\main\AndroidManifest.xml
9        android:targetSdkVersion="29" />
9-->src\main\AndroidManifest.xml
10
11    <application
11-->src\main\AndroidManifest.xml:6:5-49:19
12        android:allowBackup="true"
12-->src\main\AndroidManifest.xml:7:9-35
13        android:appComponentFactory="androidx.core.app.CoreComponentFactory"
13-->[androidx.core:core:1.1.0] AndroidManifest.xml:24:18-86
14        android:debuggable="true"
15        android:icon="@mipmap/ic_launcher"
15-->src\main\AndroidManifest.xml:8:9-43
16        android:label="@string/app_name"
16-->src\main\AndroidManifest.xml:9:9-41
17        android:roundIcon="@mipmap/ic_launcher_round"
17-->src\main\AndroidManifest.xml:10:9-54
18        android:supportsRtl="true"
18-->src\main\AndroidManifest.xml:11:9-35
19        android:testOnly="true"
20        android:theme="@style/AppTheme" >
20-->src\main\AndroidManifest.xml:12:9-40
21        <activity
21-->src\main\AndroidManifest.xml:14:9-16:39
22            android:name="com.pemesanan.TiketKapal.activity.UpdateUserActivity"
22-->src\main\AndroidManifest.xml:15:13-56
23            android:exported="true" />
23-->src\main\AndroidManifest.xml:16:13-36
24        <activity
24-->src\main\AndroidManifest.xml:17:9-20:67
25            android:name="com.pemesanan.TiketKapal.activity.UpdateActivity"
25-->src\main\AndroidManifest.xml:18:13-52
26            android:exported="true"
26-->src\main\AndroidManifest.xml:19:13-36
27            android:parentActivityName="com.pemesanan.TiketKapal.activity.MainActivity" />
27-->src\main\AndroidManifest.xml:20:13-64
28        <activity
28-->src\main\AndroidManifest.xml:21:9-29:20
29            android:name="com.pemesanan.TiketKapal.activity.MainActivity"
29-->src\main\AndroidManifest.xml:22:13-50
30            android:screenOrientation="portrait" >
30-->src\main\AndroidManifest.xml:23:13-49
31            <intent-filter>
31-->src\main\AndroidManifest.xml:24:13-28:29
32                <action android:name="android.intent.action.MAIN" />
32-->src\main\AndroidManifest.xml:25:17-69
32-->src\main\AndroidManifest.xml:25:25-66
33
34                <category android:name="android.intent.category.LAUNCHER" />
34-->src\main\AndroidManifest.xml:27:17-77
34-->src\main\AndroidManifest.xml:27:27-74
35            </intent-filter>
36        </activity>
37        <activity
37-->src\main\AndroidManifest.xml:30:9-34:55
38            android:name="com.pemesanan.TiketKapal.activity.LoginActivity"
38-->src\main\AndroidManifest.xml:31:13-51
39            android:configChanges="keyboardHidden|orientation|screenSize"
39-->src\main\AndroidManifest.xml:32:13-74
40            android:screenOrientation="portrait"
40-->src\main\AndroidManifest.xml:33:13-49
41            android:windowSoftInputMode="adjustPan" />
41-->src\main\AndroidManifest.xml:34:13-52
42        <activity
42-->src\main\AndroidManifest.xml:35:9-39:55
43            android:name="com.pemesanan.TiketKapal.activity.RegisterActivity"
43-->src\main\AndroidManifest.xml:36:13-54
44            android:configChanges="keyboardHidden|orientation|screenSize"
44-->src\main\AndroidManifest.xml:37:13-74
45            android:screenOrientation="portrait"
45-->src\main\AndroidManifest.xml:38:13-49
46            android:windowSoftInputMode="adjustPan" />
46-->src\main\AndroidManifest.xml:39:13-52
47        <activity
47-->src\main\AndroidManifest.xml:40:9-42:52
48            android:name="com.pemesanan.TiketKapal.activity.ProfileActivity"
48-->src\main\AndroidManifest.xml:41:13-53
49            android:screenOrientation="portrait" />
49-->src\main\AndroidManifest.xml:42:13-49
50        <activity
50-->src\main\AndroidManifest.xml:43:9-45:52
51            android:name="com.pemesanan.TiketKapal.activity.HistoryActivity"
51-->src\main\AndroidManifest.xml:44:13-53
52            android:screenOrientation="portrait" />
52-->src\main\AndroidManifest.xml:45:13-49
53        <activity
53-->src\main\AndroidManifest.xml:46:9-48:52
54            android:name="com.pemesanan.TiketKapal.activity.BookKapalActivity"
54-->src\main\AndroidManifest.xml:47:13-55
55            android:screenOrientation="portrait" />
55-->src\main\AndroidManifest.xml:48:13-49
56    </application>
57
58</manifest>